\BOOKMARK [0][-]{chapter.1}{Objetivos}{}% 1
\BOOKMARK [1][-]{section.1.1}{Objetivo General}{chapter.1}% 2
\BOOKMARK [1][-]{section.1.2}{Objetivos Espec\355ficos}{chapter.1}% 3
\BOOKMARK [0][-]{chapter.2}{Estudio de Diagn\363stico}{}% 4
\BOOKMARK [1][-]{section.2.1}{Seguimiento de la Pandemia}{chapter.2}% 5
\BOOKMARK [1][-]{section.2.2}{Investigaci\363n Sobre Los Dispositivos Pioneros en el \341rea de Body Tracking}{chapter.2}% 6
\BOOKMARK [2][-]{subsection.2.2.1}{Kinect desarrollado por Microsoft}{section.2.2}% 7
\BOOKMARK [2][-]{subsection.2.2.2}{PlayStation Camera desarrollado por Sony Computer Entertainment}{section.2.2}% 8
\BOOKMARK [2][-]{subsection.2.2.3}{\301mbito Cl\355nico}{section.2.2}% 9
\BOOKMARK [2][-]{subsection.2.2.4}{\301mbito Pedag\363gico}{section.2.2}% 10
\BOOKMARK [2][-]{subsection.2.2.5}{\301mbito De Entretenimiento y Entrenamiento}{section.2.2}% 11
\BOOKMARK [0][-]{chapter.3}{Marco Te\363rico}{}% 12
\BOOKMARK [1][-]{section.3.1}{Body Tracking/Motion Capture}{chapter.3}% 13
\BOOKMARK [2][-]{subsection.3.1.1}{Skeletical Tracking}{section.3.1}% 14
\BOOKMARK [1][-]{section.3.2}{Base Te\363rica}{chapter.3}% 15
\BOOKMARK [2][-]{subsection.3.2.1}{Point Cloud}{section.3.2}% 16
\BOOKMARK [2][-]{subsection.3.2.2}{C\341mara y Desambiguaci\363n}{section.3.2}% 17
\BOOKMARK [2][-]{subsection.3.2.3}{Inteligencia Artificial \(IA\)}{section.3.2}% 18
\BOOKMARK [0][-]{chapter.4}{Estudio de alternativas}{}% 19
\BOOKMARK [1][-]{section.4.1}{An\341lisis de Alternativas actualmente disponibles en el mercado}{chapter.4}% 20
\BOOKMARK [2][-]{subsection.4.1.1}{Entretenimiento}{section.4.1}% 21
\BOOKMARK [1][-]{section.4.2}{An\341lisis de Alternativas En Herramientas Disponibles Para el Desarrollo}{chapter.4}% 22
\BOOKMARK [2][-]{subsection.4.2.1}{Trajes con sensores de movimiento}{section.4.2}% 23
\BOOKMARK [2][-]{subsection.4.2.2}{TensorFlow}{section.4.2}% 24
\BOOKMARK [2][-]{subsection.4.2.3}{PoseNet}{section.4.2}% 25
\BOOKMARK [2][-]{subsection.4.2.4}{Wrnch}{section.4.2}% 26
\BOOKMARK [2][-]{subsection.4.2.5}{OpenPose}{section.4.2}% 27
\BOOKMARK [2][-]{subsection.4.2.6}{DeepMotion}{section.4.2}% 28
\BOOKMARK [2][-]{subsection.4.2.7}{Unity y Kinect}{section.4.2}% 29
\BOOKMARK [0][-]{chapter.5}{Metodolog\355a}{}% 30
\BOOKMARK [1][-]{section.5.1}{Metodolog\355a \301gil}{chapter.5}% 31
\BOOKMARK [1][-]{section.5.2}{Metodolog\355a SCRUM}{chapter.5}% 32
\BOOKMARK [2][-]{subsection.5.2.1}{Componentes de SCRUM}{section.5.2}% 33
\BOOKMARK [2][-]{subsection.5.2.2}{Gr\341fica Burn Up}{section.5.2}% 34
\BOOKMARK [2][-]{subsection.5.2.3}{Gr\341fica Burn Down}{section.5.2}% 35
\BOOKMARK [0][-]{chapter.6}{Dise\361o del Proyecto}{}% 36
\BOOKMARK [1][-]{section.6.1}{An\341lisis de Requerimientos}{chapter.6}% 37
\BOOKMARK [2][-]{subsection.6.1.1}{Diagrama de Dise\361o}{section.6.1}% 38
\BOOKMARK [1][-]{section.6.2}{Dise\361o De UI}{chapter.6}% 39
\BOOKMARK [1][-]{section.6.3}{}{chapter.6}% 40
\BOOKMARK [0][-]{chapter.7}{Plan de Actividades}{}% 41
\BOOKMARK [1][-]{subsection.7.0.1}{Cronograma}{chapter.7}% 42
\BOOKMARK [0][-]{chapter.8}{Conclusiones}{}% 43
\BOOKMARK [0][-]{chapter.9}{Recomendaciones}{}% 44
\BOOKMARK [0][-]{chapter.10}{Anexos}{}% 45
